<?xml version="1.0" encoding="UTF-8"?>
<!-- Generated by org.testng.reporters.JUnitReportReporter -->
<testsuite skipped="0" hostname="SFL000984" name="com.mycompany.app.AppiumTest" tests="2" failures="0" timestamp="18 Nov 2017 19:27:53 GMT" time="0.001" errors="0">
  <testcase name="checkForCoolApps" time="0.001" classname="com.mycompany.app.AppiumTest"/>
  <testcase name="checkingAdnroid" time="0.000" classname="com.mycompany.app.AppiumTest"/>
</testsuite> <!-- com.mycompany.app.AppiumTest -->
