<?xml version="1.0" encoding="UTF-8"?>
<!-- Generated by org.testng.reporters.JUnitReportReporter -->
<testsuite skipped="0" hostname="SFL000984" name="com.mycompany.app.SeleniumTest" tests="2" failures="0" timestamp="18 Nov 2017 19:27:53 GMT" time="0.002" errors="0">
  <testcase name="titleMatch" time="0.001" classname="com.mycompany.app.SeleniumTest"/>
  <testcase name="browserConfig" time="0.001" classname="com.mycompany.app.SeleniumTest"/>
</testsuite> <!-- com.mycompany.app.SeleniumTest -->
