<?xml version="1.0" encoding="UTF-8"?>
<!-- Generated by org.testng.reporters.JUnitReportReporter -->
<testsuite skipped="0" hostname="SFL000984" name="com.mycompany.app.APITest" tests="2" failures="0" timestamp="18 Nov 2017 19:27:53 GMT" time="0.007" errors="0">
  <testcase name="connectionRequest" time="0.007" classname="com.mycompany.app.APITest"/>
  <testcase name="listeningToGet200" time="0.000" classname="com.mycompany.app.APITest"/>
</testsuite> <!-- com.mycompany.app.APITest -->
