<?xml version="1.0" encoding="UTF-8"?>
<!-- Generated by org.testng.reporters.JUnitReportReporter -->
<testsuite skipped="0" hostname="SFL000984" name="com.mycompany.app.AppTest" tests="1" failures="0" timestamp="18 Nov 2017 19:27:53 GMT" time="0.000" errors="0">
  <testcase name="testApp" time="0.000" classname="com.mycompany.app.AppTest"/>
</testsuite> <!-- com.mycompany.app.AppTest -->
